utilization.gpu [%]
89 %
Sun Apr 14 02:00:00 2019       
+-----------------------------------------------------------------------------+
| NVIDIA-SMI 418.40.04    Driver Version: 418.40.04    CUDA Version: 10.1     |
|-------------------------------+----------------------+----------------------+
| GPU  Name        Persistence-M| Bus-Id        Disp.A | Volatile Uncorr. ECC |
| Fan  Temp  Perf  Pwr:Usage/Cap|         Memory-Usage | GPU-Util  Compute M. |
|===============================+======================+======================|
|   1  Tesla P100-PCIE...  On   | 00000000:04:00.0 Off |                    0 |
| N/A   45C    P0   184W / 250W |  15753MiB / 16280MiB |     89%      Default |
+-------------------------------+----------------------+----------------------+
                                                                               
+-----------------------------------------------------------------------------+
| Processes:                                                       GPU Memory |
|  GPU       PID   Type   Process name                             Usage      |
|=============================================================================|
|    1     67040      C   python                                     15739MiB |
+-----------------------------------------------------------------------------+
************************
utilization.gpu [%]
0 %
Sun Apr 14 02:00:10 2019       
+-----------------------------------------------------------------------------+
| NVIDIA-SMI 418.40.04    Driver Version: 418.40.04    CUDA Version: 10.1     |
|-------------------------------+----------------------+----------------------+
| GPU  Name        Persistence-M| Bus-Id        Disp.A | Volatile Uncorr. ECC |
| Fan  Temp  Perf  Pwr:Usage/Cap|         Memory-Usage | GPU-Util  Compute M. |
|===============================+======================+======================|
|   1  Tesla P100-PCIE...  On   | 00000000:04:00.0 Off |                    0 |
| N/A   43C    P0    39W / 250W |  15873MiB / 16280MiB |      0%      Default |
+-------------------------------+----------------------+----------------------+
                                                                               
+-----------------------------------------------------------------------------+
| Processes:                                                       GPU Memory |
|  GPU       PID   Type   Process name                             Usage      |
|=============================================================================|
|    1     67040      C   python                                     15739MiB |
+-----------------------------------------------------------------------------+
************************
utilization.gpu [%]
80 %
Sun Apr 14 02:00:21 2019       
+-----------------------------------------------------------------------------+
| NVIDIA-SMI 418.40.04    Driver Version: 418.40.04    CUDA Version: 10.1     |
|-------------------------------+----------------------+----------------------+
| GPU  Name        Persistence-M| Bus-Id        Disp.A | Volatile Uncorr. ECC |
| Fan  Temp  Perf  Pwr:Usage/Cap|         Memory-Usage | GPU-Util  Compute M. |
|===============================+======================+======================|
|   1  Tesla P100-PCIE...  On   | 00000000:04:00.0 Off |                    0 |
| N/A   45C    P0   176W / 250W |  15853MiB / 16280MiB |     80%      Default |
+-------------------------------+----------------------+----------------------+
                                                                               
+-----------------------------------------------------------------------------+
| Processes:                                                       GPU Memory |
|  GPU       PID   Type   Process name                             Usage      |
|=============================================================================|
|    1     67040      C   python                                     15739MiB |
+-----------------------------------------------------------------------------+
************************
utilization.gpu [%]
6 %
Sun Apr 14 02:00:31 2019       
+-----------------------------------------------------------------------------+
| NVIDIA-SMI 418.40.04    Driver Version: 418.40.04    CUDA Version: 10.1     |
|-------------------------------+----------------------+----------------------+
| GPU  Name        Persistence-M| Bus-Id        Disp.A | Volatile Uncorr. ECC |
| Fan  Temp  Perf  Pwr:Usage/Cap|         Memory-Usage | GPU-Util  Compute M. |
|===============================+======================+======================|
|   1  Tesla P100-PCIE...  On   | 00000000:04:00.0 Off |                    0 |
| N/A   44C    P0    39W / 250W |  15845MiB / 16280MiB |      6%      Default |
+-------------------------------+----------------------+----------------------+
                                                                               
+-----------------------------------------------------------------------------+
| Processes:                                                       GPU Memory |
|  GPU       PID   Type   Process name                             Usage      |
|=============================================================================|
|    1     67040      C   python                                     15739MiB |
+-----------------------------------------------------------------------------+
************************
utilization.gpu [%]
93 %
Sun Apr 14 02:00:41 2019       
+-----------------------------------------------------------------------------+
| NVIDIA-SMI 418.40.04    Driver Version: 418.40.04    CUDA Version: 10.1     |
|-------------------------------+----------------------+----------------------+
| GPU  Name        Persistence-M| Bus-Id        Disp.A | Volatile Uncorr. ECC |
| Fan  Temp  Perf  Pwr:Usage/Cap|         Memory-Usage | GPU-Util  Compute M. |
|===============================+======================+======================|
|   1  Tesla P100-PCIE...  On   | 00000000:04:00.0 Off |                    0 |
| N/A   46C    P0   202W / 250W |  15833MiB / 16280MiB |     93%      Default |
+-------------------------------+----------------------+----------------------+
                                                                               
+-----------------------------------------------------------------------------+
| Processes:                                                       GPU Memory |
|  GPU       PID   Type   Process name                             Usage      |
|=============================================================================|
|    1     67040      C   python                                     15739MiB |
+-----------------------------------------------------------------------------+
************************
utilization.gpu [%]
0 %
Sun Apr 14 02:00:52 2019       
+-----------------------------------------------------------------------------+
| NVIDIA-SMI 418.40.04    Driver Version: 418.40.04    CUDA Version: 10.1     |
|-------------------------------+----------------------+----------------------+
| GPU  Name        Persistence-M| Bus-Id        Disp.A | Volatile Uncorr. ECC |
| Fan  Temp  Perf  Pwr:Usage/Cap|         Memory-Usage | GPU-Util  Compute M. |
|===============================+======================+======================|
|   1  Tesla P100-PCIE...  On   | 00000000:04:00.0 Off |                    0 |
| N/A   45C    P0   174W / 250W |  16066MiB / 16280MiB |      0%      Default |
+-------------------------------+----------------------+----------------------+
                                                                               
+-----------------------------------------------------------------------------+
| Processes:                                                       GPU Memory |
|  GPU       PID   Type   Process name                             Usage      |
|=============================================================================|
|    1     67040      C   python                                     15739MiB |
|    1     77530      C   ./bin/managed.out                            253MiB |
+-----------------------------------------------------------------------------+
************************
utilization.gpu [%]
94 %
Sun Apr 14 02:01:02 2019       
+-----------------------------------------------------------------------------+
| NVIDIA-SMI 418.40.04    Driver Version: 418.40.04    CUDA Version: 10.1     |
|-------------------------------+----------------------+----------------------+
| GPU  Name        Persistence-M| Bus-Id        Disp.A | Volatile Uncorr. ECC |
| Fan  Temp  Perf  Pwr:Usage/Cap|         Memory-Usage | GPU-Util  Compute M. |
|===============================+======================+======================|
|   1  Tesla P100-PCIE...  On   | 00000000:04:00.0 Off |                    0 |
| N/A   45C    P0    40W / 250W |  15813MiB / 16280MiB |      0%      Default |
+-------------------------------+----------------------+----------------------+
                                                                               
+-----------------------------------------------------------------------------+
| Processes:                                                       GPU Memory |
|  GPU       PID   Type   Process name                             Usage      |
|=============================================================================|
|    1     67040      C   python                                     15739MiB |
|    1     77866      C   ./bin/managed.out                              8MiB |
+-----------------------------------------------------------------------------+
************************
utilization.gpu [%]
98 %
Sun Apr 14 02:01:13 2019       
+-----------------------------------------------------------------------------+
| NVIDIA-SMI 418.40.04    Driver Version: 418.40.04    CUDA Version: 10.1     |
|-------------------------------+----------------------+----------------------+
| GPU  Name        Persistence-M| Bus-Id        Disp.A | Volatile Uncorr. ECC |
| Fan  Temp  Perf  Pwr:Usage/Cap|         Memory-Usage | GPU-Util  Compute M. |
|===============================+======================+======================|
|   1  Tesla P100-PCIE...  On   | 00000000:04:00.0 Off |                    0 |
| N/A   46C    P0    50W / 250W |  15804MiB / 16280MiB |     83%      Default |
+-------------------------------+----------------------+----------------------+
                                                                               
+-----------------------------------------------------------------------------+
| Processes:                                                       GPU Memory |
|  GPU       PID   Type   Process name                             Usage      |
|=============================================================================|
|    1     67040      C   python                                     15739MiB |
|    1     78126      C   ./bin/managed.out                             11MiB |
+-----------------------------------------------------------------------------+
************************
utilization.gpu [%]
98 %
Sun Apr 14 02:01:23 2019       
+-----------------------------------------------------------------------------+
| NVIDIA-SMI 418.40.04    Driver Version: 418.40.04    CUDA Version: 10.1     |
|-------------------------------+----------------------+----------------------+
| GPU  Name        Persistence-M| Bus-Id        Disp.A | Volatile Uncorr. ECC |
| Fan  Temp  Perf  Pwr:Usage/Cap|         Memory-Usage | GPU-Util  Compute M. |
|===============================+======================+======================|
|   1  Tesla P100-PCIE...  On   | 00000000:04:00.0 Off |                    0 |
| N/A   46C    P0   184W / 250W |  16042MiB / 16280MiB |     98%      Default |
+-------------------------------+----------------------+----------------------+
                                                                               
+-----------------------------------------------------------------------------+
| Processes:                                                       GPU Memory |
|  GPU       PID   Type   Process name                             Usage      |
|=============================================================================|
|    1     67040      C   python                                     15739MiB |
|    1     78413      C   ./bin/managed.out                            267MiB |
+-----------------------------------------------------------------------------+
************************
utilization.gpu [%]
0 %
Sun Apr 14 02:01:33 2019       
+-----------------------------------------------------------------------------+
| NVIDIA-SMI 418.40.04    Driver Version: 418.40.04    CUDA Version: 10.1     |
|-------------------------------+----------------------+----------------------+
| GPU  Name        Persistence-M| Bus-Id        Disp.A | Volatile Uncorr. ECC |
| Fan  Temp  Perf  Pwr:Usage/Cap|         Memory-Usage | GPU-Util  Compute M. |
|===============================+======================+======================|
|   1  Tesla P100-PCIE...  On   | 00000000:04:00.0 Off |                    0 |
| N/A   45C    P0    39W / 250W |  15765MiB / 16280MiB |      0%      Default |
+-------------------------------+----------------------+----------------------+
                                                                               
+-----------------------------------------------------------------------------+
| Processes:                                                       GPU Memory |
|  GPU       PID   Type   Process name                             Usage      |
|=============================================================================|
|    1     67040      C   python                                     15739MiB |
+-----------------------------------------------------------------------------+
************************
utilization.gpu [%]
4 %
Sun Apr 14 02:01:44 2019       
+-----------------------------------------------------------------------------+
| NVIDIA-SMI 418.40.04    Driver Version: 418.40.04    CUDA Version: 10.1     |
|-------------------------------+----------------------+----------------------+
| GPU  Name        Persistence-M| Bus-Id        Disp.A | Volatile Uncorr. ECC |
| Fan  Temp  Perf  Pwr:Usage/Cap|         Memory-Usage | GPU-Util  Compute M. |
|===============================+======================+======================|
|   1  Tesla P100-PCIE...  On   | 00000000:04:00.0 Off |                    0 |
| N/A   44C    P0    50W / 250W |  16020MiB / 16280MiB |      1%      Default |
+-------------------------------+----------------------+----------------------+
                                                                               
+-----------------------------------------------------------------------------+
| Processes:                                                       GPU Memory |
|  GPU       PID   Type   Process name                             Usage      |
|=============================================================================|
|    1     67040      C   python                                     15739MiB |
|    1     78932      C   -                                            265MiB |
+-----------------------------------------------------------------------------+
************************
utilization.gpu [%]
90 %
Sun Apr 14 02:01:54 2019       
+-----------------------------------------------------------------------------+
| NVIDIA-SMI 418.40.04    Driver Version: 418.40.04    CUDA Version: 10.1     |
|-------------------------------+----------------------+----------------------+
| GPU  Name        Persistence-M| Bus-Id        Disp.A | Volatile Uncorr. ECC |
| Fan  Temp  Perf  Pwr:Usage/Cap|         Memory-Usage | GPU-Util  Compute M. |
|===============================+======================+======================|
|   1  Tesla P100-PCIE...  On   | 00000000:04:00.0 Off |                    0 |
| N/A   46C    P0   176W / 250W |  16130MiB / 16280MiB |     90%      Default |
+-------------------------------+----------------------+----------------------+
                                                                               
+-----------------------------------------------------------------------------+
| Processes:                                                       GPU Memory |
|  GPU       PID   Type   Process name                             Usage      |
|=============================================================================|
|    1     67040      C   python                                     15739MiB |
|    1     79250      C   ./bin/managed.out                            267MiB |
+-----------------------------------------------------------------------------+
************************
utilization.gpu [%]
29 %
Sun Apr 14 02:02:04 2019       
+-----------------------------------------------------------------------------+
| NVIDIA-SMI 418.40.04    Driver Version: 418.40.04    CUDA Version: 10.1     |
|-------------------------------+----------------------+----------------------+
| GPU  Name        Persistence-M| Bus-Id        Disp.A | Volatile Uncorr. ECC |
| Fan  Temp  Perf  Pwr:Usage/Cap|         Memory-Usage | GPU-Util  Compute M. |
|===============================+======================+======================|
|   1  Tesla P100-PCIE...  On   | 00000000:04:00.0 Off |                    0 |
| N/A   45C    P0    51W / 250W |  16124MiB / 16280MiB |     29%      Default |
+-------------------------------+----------------------+----------------------+
                                                                               
+-----------------------------------------------------------------------------+
| Processes:                                                       GPU Memory |
|  GPU       PID   Type   Process name                             Usage      |
|=============================================================================|
|    1     67040      C   python                                     15739MiB |
|    1     79485      C   ./bin/managed.out                            269MiB |
+-----------------------------------------------------------------------------+
************************
utilization.gpu [%]
0 %
Sun Apr 14 02:02:15 2019       
+-----------------------------------------------------------------------------+
| NVIDIA-SMI 418.40.04    Driver Version: 418.40.04    CUDA Version: 10.1     |
|-------------------------------+----------------------+----------------------+
| GPU  Name        Persistence-M| Bus-Id        Disp.A | Volatile Uncorr. ECC |
| Fan  Temp  Perf  Pwr:Usage/Cap|         Memory-Usage | GPU-Util  Compute M. |
|===============================+======================+======================|
|   1  Tesla P100-PCIE...  On   | 00000000:04:00.0 Off |                    0 |
| N/A   44C    P0    97W / 250W |  15851MiB / 16280MiB |      0%      Default |
+-------------------------------+----------------------+----------------------+
                                                                               
+-----------------------------------------------------------------------------+
| Processes:                                                       GPU Memory |
|  GPU       PID   Type   Process name                             Usage      |
|=============================================================================|
|    1     67040      C   python                                     15739MiB |
+-----------------------------------------------------------------------------+
************************
utilization.gpu [%]
8 %
Sun Apr 14 02:02:25 2019       
+-----------------------------------------------------------------------------+
| NVIDIA-SMI 418.40.04    Driver Version: 418.40.04    CUDA Version: 10.1     |
|-------------------------------+----------------------+----------------------+
| GPU  Name        Persistence-M| Bus-Id        Disp.A | Volatile Uncorr. ECC |
| Fan  Temp  Perf  Pwr:Usage/Cap|         Memory-Usage | GPU-Util  Compute M. |
|===============================+======================+======================|
|   1  Tesla P100-PCIE...  On   | 00000000:04:00.0 Off |                    0 |
| N/A   44C    P0    51W / 250W |  16088MiB / 16280MiB |      3%      Default |
+-------------------------------+----------------------+----------------------+
                                                                               
+-----------------------------------------------------------------------------+
| Processes:                                                       GPU Memory |
|  GPU       PID   Type   Process name                             Usage      |
|=============================================================================|
|    1     67040      C   python                                     15739MiB |
|    1     80182      C   ./bin/managed.out                            265MiB |
+-----------------------------------------------------------------------------+
************************
utilization.gpu [%]
93 %
Sun Apr 14 02:02:35 2019       
+-----------------------------------------------------------------------------+
| NVIDIA-SMI 418.40.04    Driver Version: 418.40.04    CUDA Version: 10.1     |
|-------------------------------+----------------------+----------------------+
| GPU  Name        Persistence-M| Bus-Id        Disp.A | Volatile Uncorr. ECC |
| Fan  Temp  Perf  Pwr:Usage/Cap|         Memory-Usage | GPU-Util  Compute M. |
|===============================+======================+======================|
|   1  Tesla P100-PCIE...  On   | 00000000:04:00.0 Off |                    0 |
| N/A   46C    P0   189W / 250W |  16084MiB / 16280MiB |     93%      Default |
+-------------------------------+----------------------+----------------------+
                                                                               
+-----------------------------------------------------------------------------+
| Processes:                                                       GPU Memory |
|  GPU       PID   Type   Process name                             Usage      |
|=============================================================================|
|    1     67040      C   python                                     15739MiB |
|    1     80412      C   ./bin/managed.out                            269MiB |
+-----------------------------------------------------------------------------+
************************
utilization.gpu [%]
90 %
Sun Apr 14 02:02:46 2019       
+-----------------------------------------------------------------------------+
| NVIDIA-SMI 418.40.04    Driver Version: 418.40.04    CUDA Version: 10.1     |
|-------------------------------+----------------------+----------------------+
| GPU  Name        Persistence-M| Bus-Id        Disp.A | Volatile Uncorr. ECC |
| Fan  Temp  Perf  Pwr:Usage/Cap|         Memory-Usage | GPU-Util  Compute M. |
|===============================+======================+======================|
|   1  Tesla P100-PCIE...  On   | 00000000:04:00.0 Off |                    0 |
| N/A   46C    P0   167W / 250W |  15820MiB / 16280MiB |     90%      Default |
+-------------------------------+----------------------+----------------------+
                                                                               
+-----------------------------------------------------------------------------+
| Processes:                                                       GPU Memory |
|  GPU       PID   Type   Process name                             Usage      |
|=============================================================================|
|    1     67040      C   python                                     15739MiB |
|    1     80758      C   ./bin/managed.out                             15MiB |
+-----------------------------------------------------------------------------+
************************
utilization.gpu [%]
0 %
Sun Apr 14 02:02:56 2019       
+-----------------------------------------------------------------------------+
| NVIDIA-SMI 418.40.04    Driver Version: 418.40.04    CUDA Version: 10.1     |
|-------------------------------+----------------------+----------------------+
| GPU  Name        Persistence-M| Bus-Id        Disp.A | Volatile Uncorr. ECC |
| Fan  Temp  Perf  Pwr:Usage/Cap|         Memory-Usage | GPU-Util  Compute M. |
|===============================+======================+======================|
|   1  Tesla P100-PCIE...  On   | 00000000:04:00.0 Off |                    0 |
| N/A   44C    P0    39W / 250W |  15791MiB / 16280MiB |      0%      Default |
+-------------------------------+----------------------+----------------------+
                                                                               
+-----------------------------------------------------------------------------+
| Processes:                                                       GPU Memory |
|  GPU       PID   Type   Process name                             Usage      |
|=============================================================================|
|    1     67040      C   python                                     15739MiB |
|    1     81005      C   ./bin/managed.out                              8MiB |
+-----------------------------------------------------------------------------+
************************
utilization.gpu [%]
0 %
Sun Apr 14 02:03:07 2019       
+-----------------------------------------------------------------------------+
| NVIDIA-SMI 418.40.04    Driver Version: 418.40.04    CUDA Version: 10.1     |
|-------------------------------+----------------------+----------------------+
| GPU  Name        Persistence-M| Bus-Id        Disp.A | Volatile Uncorr. ECC |
| Fan  Temp  Perf  Pwr:Usage/Cap|         Memory-Usage | GPU-Util  Compute M. |
|===============================+======================+======================|
|   1  Tesla P100-PCIE...  On   | 00000000:04:00.0 Off |                    0 |
| N/A   45C    P0    51W / 250W |  16044MiB / 16280MiB |      0%      Default |
+-------------------------------+----------------------+----------------------+
                                                                               
+-----------------------------------------------------------------------------+
| Processes:                                                       GPU Memory |
|  GPU       PID   Type   Process name                             Usage      |
|=============================================================================|
|    1     67040      C   python                                     15739MiB |
|    1     81230      C   ./bin/managed.out                            269MiB |
+-----------------------------------------------------------------------------+
************************
utilization.gpu [%]
56 %
Sun Apr 14 02:03:17 2019       
+-----------------------------------------------------------------------------+
| NVIDIA-SMI 418.40.04    Driver Version: 418.40.04    CUDA Version: 10.1     |
|-------------------------------+----------------------+----------------------+
| GPU  Name        Persistence-M| Bus-Id        Disp.A | Volatile Uncorr. ECC |
| Fan  Temp  Perf  Pwr:Usage/Cap|         Memory-Usage | GPU-Util  Compute M. |
|===============================+======================+======================|
|   1  Tesla P100-PCIE...  On   | 00000000:04:00.0 Off |                    0 |
| N/A   45C    P0   188W / 250W |  16030MiB / 16280MiB |     56%      Default |
+-------------------------------+----------------------+----------------------+
                                                                               
+-----------------------------------------------------------------------------+
| Processes:                                                       GPU Memory |
|  GPU       PID   Type   Process name                             Usage      |
|=============================================================================|
|    1     67040      C   python                                     15739MiB |
|    1     81471      C   ./bin/managed.out                            261MiB |
+-----------------------------------------------------------------------------+
************************
utilization.gpu [%]
0 %
Sun Apr 14 02:03:27 2019       
+-----------------------------------------------------------------------------+
| NVIDIA-SMI 418.40.04    Driver Version: 418.40.04    CUDA Version: 10.1     |
|-------------------------------+----------------------+----------------------+
| GPU  Name        Persistence-M| Bus-Id        Disp.A | Volatile Uncorr. ECC |
| Fan  Temp  Perf  Pwr:Usage/Cap|         Memory-Usage | GPU-Util  Compute M. |
|===============================+======================+======================|
|   1  Tesla P100-PCIE...  On   | 00000000:04:00.0 Off |                    0 |
| N/A   44C    P0    39W / 250W |  15873MiB / 16280MiB |      0%      Default |
+-------------------------------+----------------------+----------------------+
                                                                               
+-----------------------------------------------------------------------------+
| Processes:                                                       GPU Memory |
|  GPU       PID   Type   Process name                             Usage      |
|=============================================================================|
|    1     67040      C   python                                     15739MiB |
+-----------------------------------------------------------------------------+
************************
utilization.gpu [%]
37 %
Sun Apr 14 02:03:38 2019       
+-----------------------------------------------------------------------------+
| NVIDIA-SMI 418.40.04    Driver Version: 418.40.04    CUDA Version: 10.1     |
|-------------------------------+----------------------+----------------------+
| GPU  Name        Persistence-M| Bus-Id        Disp.A | Volatile Uncorr. ECC |
| Fan  Temp  Perf  Pwr:Usage/Cap|         Memory-Usage | GPU-Util  Compute M. |
|===============================+======================+======================|
|   1  Tesla P100-PCIE...  On   | 00000000:04:00.0 Off |                    0 |
| N/A   45C    P0    51W / 250W |  16132MiB / 16280MiB |     37%      Default |
+-------------------------------+----------------------+----------------------+
                                                                               
+-----------------------------------------------------------------------------+
| Processes:                                                       GPU Memory |
|  GPU       PID   Type   Process name                             Usage      |
|=============================================================================|
|    1       697      C   ./bin/managed.out                            269MiB |
|    1     67040      C   python                                     15739MiB |
+-----------------------------------------------------------------------------+
************************
utilization.gpu [%]
77 %
Sun Apr 14 02:03:48 2019       
+-----------------------------------------------------------------------------+
| NVIDIA-SMI 418.40.04    Driver Version: 418.40.04    CUDA Version: 10.1     |
|-------------------------------+----------------------+----------------------+
| GPU  Name        Persistence-M| Bus-Id        Disp.A | Volatile Uncorr. ECC |
| Fan  Temp  Perf  Pwr:Usage/Cap|         Memory-Usage | GPU-Util  Compute M. |
|===============================+======================+======================|
|   1  Tesla P100-PCIE...  On   | 00000000:04:00.0 Off |                    0 |
| N/A   45C    P0   175W / 250W |  15870MiB / 16280MiB |     77%      Default |
+-------------------------------+----------------------+----------------------+
                                                                               
+-----------------------------------------------------------------------------+
| Processes:                                                       GPU Memory |
|  GPU       PID   Type   Process name                             Usage      |
|=============================================================================|
|    1       976      C   ./bin/managed.out                             13MiB |
|    1     67040      C   python                                     15739MiB |
+-----------------------------------------------------------------------------+
************************
utilization.gpu [%]
1 %
Sun Apr 14 02:03:59 2019       
+-----------------------------------------------------------------------------+
| NVIDIA-SMI 418.40.04    Driver Version: 418.40.04    CUDA Version: 10.1     |
|-------------------------------+----------------------+----------------------+
| GPU  Name        Persistence-M| Bus-Id        Disp.A | Volatile Uncorr. ECC |
| Fan  Temp  Perf  Pwr:Usage/Cap|         Memory-Usage | GPU-Util  Compute M. |
|===============================+======================+======================|
|   1  Tesla P100-PCIE...  On   | 00000000:04:00.0 Off |                    0 |
| N/A   43C    P0    44W / 250W |  15833MiB / 16280MiB |      1%      Default |
+-------------------------------+----------------------+----------------------+
                                                                               
+-----------------------------------------------------------------------------+
| Processes:                                                       GPU Memory |
|  GPU       PID   Type   Process name                             Usage      |
|=============================================================================|
|    1     67040      C   python                                     15739MiB |
+-----------------------------------------------------------------------------+
************************
utilization.gpu [%]
99 %
Sun Apr 14 02:04:09 2019       
+-----------------------------------------------------------------------------+
| NVIDIA-SMI 418.40.04    Driver Version: 418.40.04    CUDA Version: 10.1     |
|-------------------------------+----------------------+----------------------+
| GPU  Name        Persistence-M| Bus-Id        Disp.A | Volatile Uncorr. ECC |
| Fan  Temp  Perf  Pwr:Usage/Cap|         Memory-Usage | GPU-Util  Compute M. |
|===============================+======================+======================|
|   1  Tesla P100-PCIE...  On   | 00000000:04:00.0 Off |                    0 |
| N/A   46C    P0    45W / 250W |  15823MiB / 16280MiB |     99%      Default |
+-------------------------------+----------------------+----------------------+
                                                                               
+-----------------------------------------------------------------------------+
| Processes:                                                       GPU Memory |
|  GPU       PID   Type   Process name                             Usage      |
|=============================================================================|
|    1     67040      C   python                                     15739MiB |
+-----------------------------------------------------------------------------+
************************
utilization.gpu [%]
3 %
Sun Apr 14 02:04:19 2019       
+-----------------------------------------------------------------------------+
| NVIDIA-SMI 418.40.04    Driver Version: 418.40.04    CUDA Version: 10.1     |
|-------------------------------+----------------------+----------------------+
| GPU  Name        Persistence-M| Bus-Id        Disp.A | Volatile Uncorr. ECC |
| Fan  Temp  Perf  Pwr:Usage/Cap|         Memory-Usage | GPU-Util  Compute M. |
|===============================+======================+======================|
|   1  Tesla P100-PCIE...  On   | 00000000:04:00.0 Off |                    0 |
| N/A   44C    P0   125W / 250W |  16088MiB / 16280MiB |      3%      Default |
+-------------------------------+----------------------+----------------------+
                                                                               
+-----------------------------------------------------------------------------+
| Processes:                                                       GPU Memory |
|  GPU       PID   Type   Process name                             Usage      |
|=============================================================================|
|    1      1650      C   ./bin/managed.out                            269MiB |
|    1     67040      C   python                                     15739MiB |
+-----------------------------------------------------------------------------+
************************
utilization.gpu [%]
26 %
Sun Apr 14 02:04:30 2019       
+-----------------------------------------------------------------------------+
| NVIDIA-SMI 418.40.04    Driver Version: 418.40.04    CUDA Version: 10.1     |
|-------------------------------+----------------------+----------------------+
| GPU  Name        Persistence-M| Bus-Id        Disp.A | Volatile Uncorr. ECC |
| Fan  Temp  Perf  Pwr:Usage/Cap|         Memory-Usage | GPU-Util  Compute M. |
|===============================+======================+======================|
|   1  Tesla P100-PCIE...  On   | 00000000:04:00.0 Off |                    0 |
| N/A   45C    P0    39W / 250W |  15795MiB / 16280MiB |     26%      Default |
+-------------------------------+----------------------+----------------------+
                                                                               
+-----------------------------------------------------------------------------+
| Processes:                                                       GPU Memory |
|  GPU       PID   Type   Process name                             Usage      |
|=============================================================================|
|    1     67040      C   python                                     15739MiB |
+-----------------------------------------------------------------------------+
************************
utilization.gpu [%]
100 %
Sun Apr 14 02:04:40 2019       
+-----------------------------------------------------------------------------+
| NVIDIA-SMI 418.40.04    Driver Version: 418.40.04    CUDA Version: 10.1     |
|-------------------------------+----------------------+----------------------+
| GPU  Name        Persistence-M| Bus-Id        Disp.A | Volatile Uncorr. ECC |
| Fan  Temp  Perf  Pwr:Usage/Cap|         Memory-Usage | GPU-Util  Compute M. |
|===============================+======================+======================|
|   1  Tesla P100-PCIE...  On   | 00000000:04:00.0 Off |                    0 |
| N/A   46C    P0    57W / 250W |  16054MiB / 16280MiB |    100%      Default |
+-------------------------------+----------------------+----------------------+
                                                                               
+-----------------------------------------------------------------------------+
| Processes:                                                       GPU Memory |
|  GPU       PID   Type   Process name                             Usage      |
|=============================================================================|
|    1      2187      C   ./bin/managed.out                            269MiB |
|    1     67040      C   python                                     15739MiB |
+-----------------------------------------------------------------------------+
************************
utilization.gpu [%]
1 %
Sun Apr 14 02:04:50 2019       
+-----------------------------------------------------------------------------+
| NVIDIA-SMI 418.40.04    Driver Version: 418.40.04    CUDA Version: 10.1     |
|-------------------------------+----------------------+----------------------+
| GPU  Name        Persistence-M| Bus-Id        Disp.A | Volatile Uncorr. ECC |
| Fan  Temp  Perf  Pwr:Usage/Cap|         Memory-Usage | GPU-Util  Compute M. |
|===============================+======================+======================|
|   1  Tesla P100-PCIE...  On   | 00000000:04:00.0 Off |                    0 |
| N/A   44C    P0    41W / 250W |  16046MiB / 16280MiB |      1%      Default |
+-------------------------------+----------------------+----------------------+
                                                                               
+-----------------------------------------------------------------------------+
| Processes:                                                       GPU Memory |
|  GPU       PID   Type   Process name                             Usage      |
|=============================================================================|
|    1     67040      C   python                                     15739MiB |
+-----------------------------------------------------------------------------+
************************
utilization.gpu [%]
7 %
Sun Apr 14 02:05:01 2019       
+-----------------------------------------------------------------------------+
| NVIDIA-SMI 418.40.04    Driver Version: 418.40.04    CUDA Version: 10.1     |
|-------------------------------+----------------------+----------------------+
| GPU  Name        Persistence-M| Bus-Id        Disp.A | Volatile Uncorr. ECC |
| Fan  Temp  Perf  Pwr:Usage/Cap|         Memory-Usage | GPU-Util  Compute M. |
|===============================+======================+======================|
|   1  Tesla P100-PCIE...  On   | 00000000:04:00.0 Off |                    0 |
| N/A   44C    P0    39W / 250W |  15755MiB / 16280MiB |      6%      Default |
+-------------------------------+----------------------+----------------------+
                                                                               
+-----------------------------------------------------------------------------+
| Processes:                                                       GPU Memory |
|  GPU       PID   Type   Process name                             Usage      |
|=============================================================================|
|    1     67040      C   python                                     15739MiB |
+-----------------------------------------------------------------------------+
************************
utilization.gpu [%]
99 %
Sun Apr 14 02:05:11 2019       
+-----------------------------------------------------------------------------+
| NVIDIA-SMI 418.40.04    Driver Version: 418.40.04    CUDA Version: 10.1     |
|-------------------------------+----------------------+----------------------+
| GPU  Name        Persistence-M| Bus-Id        Disp.A | Volatile Uncorr. ECC |
| Fan  Temp  Perf  Pwr:Usage/Cap|         Memory-Usage | GPU-Util  Compute M. |
|===============================+======================+======================|
|   1  Tesla P100-PCIE...  On   | 00000000:04:00.0 Off |                    0 |
| N/A   46C    P0    51W / 250W |  16142MiB / 16280MiB |     46%      Default |
+-------------------------------+----------------------+----------------------+
                                                                               
+-----------------------------------------------------------------------------+
| Processes:                                                       GPU Memory |
|  GPU       PID   Type   Process name                             Usage      |
|=============================================================================|
|    1      3142      C   ./bin/managed.out                            269MiB |
|    1     67040      C   python                                     15739MiB |
+-----------------------------------------------------------------------------+
************************
utilization.gpu [%]
1 %
Sun Apr 14 02:05:22 2019       
+-----------------------------------------------------------------------------+
| NVIDIA-SMI 418.40.04    Driver Version: 418.40.04    CUDA Version: 10.1     |
|-------------------------------+----------------------+----------------------+
| GPU  Name        Persistence-M| Bus-Id        Disp.A | Volatile Uncorr. ECC |
| Fan  Temp  Perf  Pwr:Usage/Cap|         Memory-Usage | GPU-Util  Compute M. |
|===============================+======================+======================|
|   1  Tesla P100-PCIE...  On   | 00000000:04:00.0 Off |                    0 |
| N/A   45C    P0    50W / 250W |  16136MiB / 16280MiB |      1%      Default |
+-------------------------------+----------------------+----------------------+
                                                                               
+-----------------------------------------------------------------------------+
| Processes:                                                       GPU Memory |
|  GPU       PID   Type   Process name                             Usage      |
|=============================================================================|
|    1      3281      C   ./bin/managed.out                            269MiB |
|    1     67040      C   python                                     15739MiB |
+-----------------------------------------------------------------------------+
************************
utilization.gpu [%]
100 %
Sun Apr 14 02:05:32 2019       
+-----------------------------------------------------------------------------+
| NVIDIA-SMI 418.40.04    Driver Version: 418.40.04    CUDA Version: 10.1     |
|-------------------------------+----------------------+----------------------+
| GPU  Name        Persistence-M| Bus-Id        Disp.A | Volatile Uncorr. ECC |
| Fan  Temp  Perf  Pwr:Usage/Cap|         Memory-Usage | GPU-Util  Compute M. |
|===============================+======================+======================|
|   1  Tesla P100-PCIE...  On   | 00000000:04:00.0 Off |                    0 |
| N/A   45C    P0    40W / 250W |  15898MiB / 16280MiB |      7%      Default |
+-------------------------------+----------------------+----------------------+
                                                                               
+-----------------------------------------------------------------------------+
| Processes:                                                       GPU Memory |
|  GPU       PID   Type   Process name                             Usage      |
|=============================================================================|
|    1      3627      C   ./bin/managed.out                             53MiB |
|    1     67040      C   python                                     15739MiB |
+-----------------------------------------------------------------------------+
************************
utilization.gpu [%]
0 %
Sun Apr 14 02:05:42 2019       
+-----------------------------------------------------------------------------+
| NVIDIA-SMI 418.40.04    Driver Version: 418.40.04    CUDA Version: 10.1     |
|-------------------------------+----------------------+----------------------+
| GPU  Name        Persistence-M| Bus-Id        Disp.A | Volatile Uncorr. ECC |
| Fan  Temp  Perf  Pwr:Usage/Cap|         Memory-Usage | GPU-Util  Compute M. |
|===============================+======================+======================|
|   1  Tesla P100-PCIE...  On   | 00000000:04:00.0 Off |                    0 |
| N/A   45C    P0    50W / 250W |  16102MiB / 16280MiB |      0%      Default |
+-------------------------------+----------------------+----------------------+
                                                                               
+-----------------------------------------------------------------------------+
| Processes:                                                       GPU Memory |
|  GPU       PID   Type   Process name                             Usage      |
|=============================================================================|
|    1      3854      C   ./bin/managed.out                            269MiB |
|    1     67040      C   python                                     15739MiB |
+-----------------------------------------------------------------------------+
************************
utilization.gpu [%]
1 %
Sun Apr 14 02:05:53 2019       
+-----------------------------------------------------------------------------+
| NVIDIA-SMI 418.40.04    Driver Version: 418.40.04    CUDA Version: 10.1     |
|-------------------------------+----------------------+----------------------+
| GPU  Name        Persistence-M| Bus-Id        Disp.A | Volatile Uncorr. ECC |
| Fan  Temp  Perf  Pwr:Usage/Cap|         Memory-Usage | GPU-Util  Compute M. |
|===============================+======================+======================|
|   1  Tesla P100-PCIE...  On   | 00000000:04:00.0 Off |                    0 |
| N/A   45C    P0    51W / 250W |  16096MiB / 16280MiB |      1%      Default |
+-------------------------------+----------------------+----------------------+
                                                                               
+-----------------------------------------------------------------------------+
| Processes:                                                       GPU Memory |
|  GPU       PID   Type   Process name                             Usage      |
|=============================================================================|
|    1      4065      C   ./bin/managed.out                            269MiB |
|    1     67040      C   python                                     15739MiB |
+-----------------------------------------------------------------------------+
************************
utilization.gpu [%]
92 %
Sun Apr 14 02:06:03 2019       
+-----------------------------------------------------------------------------+
| NVIDIA-SMI 418.40.04    Driver Version: 418.40.04    CUDA Version: 10.1     |
|-------------------------------+----------------------+----------------------+
| GPU  Name        Persistence-M| Bus-Id        Disp.A | Volatile Uncorr. ECC |
| Fan  Temp  Perf  Pwr:Usage/Cap|         Memory-Usage | GPU-Util  Compute M. |
|===============================+======================+======================|
|   1  Tesla P100-PCIE...  On   | 00000000:04:00.0 Off |                    0 |
| N/A   47C    P0   174W / 250W |  16072MiB / 16280MiB |     92%      Default |
+-------------------------------+----------------------+----------------------+
                                                                               
+-----------------------------------------------------------------------------+
| Processes:                                                       GPU Memory |
|  GPU       PID   Type   Process name                             Usage      |
|=============================================================================|
|    1      5630      C   ./bin/managed.out                            265MiB |
|    1     67040      C   python                                     15739MiB |
+-----------------------------------------------------------------------------+
************************
utilization.gpu [%]
49 %
Sun Apr 14 02:06:13 2019       
+-----------------------------------------------------------------------------+
| NVIDIA-SMI 418.40.04    Driver Version: 418.40.04    CUDA Version: 10.1     |
|-------------------------------+----------------------+----------------------+
| GPU  Name        Persistence-M| Bus-Id        Disp.A | Volatile Uncorr. ECC |
| Fan  Temp  Perf  Pwr:Usage/Cap|         Memory-Usage | GPU-Util  Compute M. |
|===============================+======================+======================|
|   1  Tesla P100-PCIE...  On   | 00000000:04:00.0 Off |                    0 |
| N/A   46C    P0   117W / 250W |  16062MiB / 16280MiB |     49%      Default |
+-------------------------------+----------------------+----------------------+
                                                                               
+-----------------------------------------------------------------------------+
| Processes:                                                       GPU Memory |
|  GPU       PID   Type   Process name                             Usage      |
|=============================================================================|
|    1      5850      C   ./bin/managed.out                            269MiB |
|    1     67040      C   python                                     15739MiB |
+-----------------------------------------------------------------------------+
************************
utilization.gpu [%]
41 %
Sun Apr 14 02:06:24 2019       
+-----------------------------------------------------------------------------+
| NVIDIA-SMI 418.40.04    Driver Version: 418.40.04    CUDA Version: 10.1     |
|-------------------------------+----------------------+----------------------+
| GPU  Name        Persistence-M| Bus-Id        Disp.A | Volatile Uncorr. ECC |
| Fan  Temp  Perf  Pwr:Usage/Cap|         Memory-Usage | GPU-Util  Compute M. |
|===============================+======================+======================|
|   1  Tesla P100-PCIE...  On   | 00000000:04:00.0 Off |                    0 |
| N/A   46C    P0   128W / 250W |  16056MiB / 16280MiB |     41%      Default |
+-------------------------------+----------------------+----------------------+
                                                                               
+-----------------------------------------------------------------------------+
| Processes:                                                       GPU Memory |
|  GPU       PID   Type   Process name                             Usage      |
|=============================================================================|
|    1      6060      C   ./bin/managed.out                            269MiB |
|    1     67040      C   python                                     15739MiB |
+-----------------------------------------------------------------------------+
************************
utilization.gpu [%]
99 %
Sun Apr 14 02:06:34 2019       
+-----------------------------------------------------------------------------+
| NVIDIA-SMI 418.40.04    Driver Version: 418.40.04    CUDA Version: 10.1     |
|-------------------------------+----------------------+----------------------+
| GPU  Name        Persistence-M| Bus-Id        Disp.A | Volatile Uncorr. ECC |
| Fan  Temp  Perf  Pwr:Usage/Cap|         Memory-Usage | GPU-Util  Compute M. |
|===============================+======================+======================|
|   1  Tesla P100-PCIE...  On   | 00000000:04:00.0 Off |                    0 |
| N/A   46C    P0    40W / 250W |  15767MiB / 16280MiB |     56%      Default |
+-------------------------------+----------------------+----------------------+
                                                                               
+-----------------------------------------------------------------------------+
| Processes:                                                       GPU Memory |
|  GPU       PID   Type   Process name                             Usage      |
|=============================================================================|
|    1     67040      C   python                                     15739MiB |
+-----------------------------------------------------------------------------+
************************
utilization.gpu [%]
98 %
Sun Apr 14 02:06:44 2019       
+-----------------------------------------------------------------------------+
| NVIDIA-SMI 418.40.04    Driver Version: 418.40.04    CUDA Version: 10.1     |
|-------------------------------+----------------------+----------------------+
| GPU  Name        Persistence-M| Bus-Id        Disp.A | Volatile Uncorr. ECC |
| Fan  Temp  Perf  Pwr:Usage/Cap|         Memory-Usage | GPU-Util  Compute M. |
|===============================+======================+======================|
|   1  Tesla P100-PCIE...  On   | 00000000:04:00.0 Off |                    0 |
| N/A   46C    P0    51W / 250W |  16150MiB / 16280MiB |     49%      Default |
+-------------------------------+----------------------+----------------------+
                                                                               
+-----------------------------------------------------------------------------+
| Processes:                                                       GPU Memory |
|  GPU       PID   Type   Process name                             Usage      |
|=============================================================================|
|    1      6688      C   ./bin/managed.out                            269MiB |
|    1     67040      C   python                                     15739MiB |
+-----------------------------------------------------------------------------+
************************
utilization.gpu [%]
1 %
Sun Apr 14 02:06:55 2019       
+-----------------------------------------------------------------------------+
| NVIDIA-SMI 418.40.04    Driver Version: 418.40.04    CUDA Version: 10.1     |
|-------------------------------+----------------------+----------------------+
| GPU  Name        Persistence-M| Bus-Id        Disp.A | Volatile Uncorr. ECC |
| Fan  Temp  Perf  Pwr:Usage/Cap|         Memory-Usage | GPU-Util  Compute M. |
|===============================+======================+======================|
|   1  Tesla P100-PCIE...  On   | 00000000:04:00.0 Off |                    0 |
| N/A   45C    P0   144W / 250W |  16144MiB / 16280MiB |      6%      Default |
+-------------------------------+----------------------+----------------------+
                                                                               
+-----------------------------------------------------------------------------+
| Processes:                                                       GPU Memory |
|  GPU       PID   Type   Process name                             Usage      |
|=============================================================================|
|    1      6842      C   ./bin/managed.out                            269MiB |
|    1     67040      C   python                                     15739MiB |
+-----------------------------------------------------------------------------+
************************
utilization.gpu [%]
3 %
Sun Apr 14 02:07:05 2019       
+-----------------------------------------------------------------------------+
| NVIDIA-SMI 418.40.04    Driver Version: 418.40.04    CUDA Version: 10.1     |
|-------------------------------+----------------------+----------------------+
| GPU  Name        Persistence-M| Bus-Id        Disp.A | Volatile Uncorr. ECC |
| Fan  Temp  Perf  Pwr:Usage/Cap|         Memory-Usage | GPU-Util  Compute M. |
|===============================+======================+======================|
|   1  Tesla P100-PCIE...  On   | 00000000:04:00.0 Off |                    0 |
| N/A   45C    P0    50W / 250W |  16120MiB / 16280MiB |      3%      Default |
+-------------------------------+----------------------+----------------------+
                                                                               
+-----------------------------------------------------------------------------+
| Processes:                                                       GPU Memory |
|  GPU       PID   Type   Process name                             Usage      |
|=============================================================================|
|    1      7274      C   ./bin/managed.out                            263MiB |
|    1     67040      C   python                                     15739MiB |
+-----------------------------------------------------------------------------+
************************
utilization.gpu [%]
1 %
Sun Apr 14 02:07:16 2019       
+-----------------------------------------------------------------------------+
| NVIDIA-SMI 418.40.04    Driver Version: 418.40.04    CUDA Version: 10.1     |
|-------------------------------+----------------------+----------------------+
| GPU  Name        Persistence-M| Bus-Id        Disp.A | Volatile Uncorr. ECC |
| Fan  Temp  Perf  Pwr:Usage/Cap|         Memory-Usage | GPU-Util  Compute M. |
|===============================+======================+======================|
|   1  Tesla P100-PCIE...  On   | 00000000:04:00.0 Off |                    0 |
| N/A   45C    P0    51W / 250W |  16110MiB / 16280MiB |      1%      Default |
+-------------------------------+----------------------+----------------------+
                                                                               
+-----------------------------------------------------------------------------+
| Processes:                                                       GPU Memory |
|  GPU       PID   Type   Process name                             Usage      |
|=============================================================================|
|    1      7571      C   ./bin/managed.out                            269MiB |
|    1     67040      C   python                                     15739MiB |
+-----------------------------------------------------------------------------+
************************
utilization.gpu [%]
98 %
Sun Apr 14 02:07:26 2019       
+-----------------------------------------------------------------------------+
| NVIDIA-SMI 418.40.04    Driver Version: 418.40.04    CUDA Version: 10.1     |
|-------------------------------+----------------------+----------------------+
| GPU  Name        Persistence-M| Bus-Id        Disp.A | Volatile Uncorr. ECC |
| Fan  Temp  Perf  Pwr:Usage/Cap|         Memory-Usage | GPU-Util  Compute M. |
|===============================+======================+======================|
|   1  Tesla P100-PCIE...  On   | 00000000:04:00.0 Off |                    0 |
| N/A   48C    P0   134W / 250W |  16104MiB / 16280MiB |    100%      Default |
+-------------------------------+----------------------+----------------------+
                                                                               
+-----------------------------------------------------------------------------+
| Processes:                                                       GPU Memory |
|  GPU       PID   Type   Process name                             Usage      |
|=============================================================================|
|    1      7812      C   ./bin/managed.out                            269MiB |
|    1     67040      C   python                                     15739MiB |
+-----------------------------------------------------------------------------+
************************
utilization.gpu [%]
0 %
Sun Apr 14 02:07:36 2019       
+-----------------------------------------------------------------------------+
| NVIDIA-SMI 418.40.04    Driver Version: 418.40.04    CUDA Version: 10.1     |
|-------------------------------+----------------------+----------------------+
| GPU  Name        Persistence-M| Bus-Id        Disp.A | Volatile Uncorr. ECC |
| Fan  Temp  Perf  Pwr:Usage/Cap|         Memory-Usage | GPU-Util  Compute M. |
|===============================+======================+======================|
|   1  Tesla P100-PCIE...  On   | 00000000:04:00.0 Off |                    0 |
| N/A   45C    P0    39W / 250W |  15815MiB / 16280MiB |      0%      Default |
+-------------------------------+----------------------+----------------------+
                                                                               
+-----------------------------------------------------------------------------+
| Processes:                                                       GPU Memory |
|  GPU       PID   Type   Process name                             Usage      |
|=============================================================================|
|    1     67040      C   python                                     15739MiB |
+-----------------------------------------------------------------------------+
************************
utilization.gpu [%]
41 %
Sun Apr 14 02:07:47 2019       
+-----------------------------------------------------------------------------+
| NVIDIA-SMI 418.40.04    Driver Version: 418.40.04    CUDA Version: 10.1     |
|-------------------------------+----------------------+----------------------+
| GPU  Name        Persistence-M| Bus-Id        Disp.A | Volatile Uncorr. ECC |
| Fan  Temp  Perf  Pwr:Usage/Cap|         Memory-Usage | GPU-Util  Compute M. |
|===============================+======================+======================|
|   1  Tesla P100-PCIE...  On   | 00000000:04:00.0 Off |                    0 |
| N/A   46C    P0    52W / 250W |  16070MiB / 16280MiB |     41%      Default |
+-------------------------------+----------------------+----------------------+
                                                                               
+-----------------------------------------------------------------------------+
| Processes:                                                       GPU Memory |
|  GPU       PID   Type   Process name                             Usage      |
|=============================================================================|
|    1      8399      C   ./bin/managed.out                            269MiB |
|    1     67040      C   python                                     15739MiB |
+-----------------------------------------------------------------------------+
************************
utilization.gpu [%]
98 %
Sun Apr 14 02:07:57 2019       
+-----------------------------------------------------------------------------+
| NVIDIA-SMI 418.40.04    Driver Version: 418.40.04    CUDA Version: 10.1     |
|-------------------------------+----------------------+----------------------+
| GPU  Name        Persistence-M| Bus-Id        Disp.A | Volatile Uncorr. ECC |
| Fan  Temp  Perf  Pwr:Usage/Cap|         Memory-Usage | GPU-Util  Compute M. |
|===============================+======================+======================|
|   1  Tesla P100-PCIE...  On   | 00000000:04:00.0 Off |                    0 |
| N/A   47C    P0   183W / 250W |  16064MiB / 16280MiB |     98%      Default |
+-------------------------------+----------------------+----------------------+
                                                                               
+-----------------------------------------------------------------------------+
| Processes:                                                       GPU Memory |
|  GPU       PID   Type   Process name                             Usage      |
|=============================================================================|
|    1      8620      C   ./bin/managed.out                            269MiB |
|    1     67040      C   python                                     15739MiB |
+-----------------------------------------------------------------------------+
************************
utilization.gpu [%]
6 %
Sun Apr 14 02:08:07 2019       
+-----------------------------------------------------------------------------+
| NVIDIA-SMI 418.40.04    Driver Version: 418.40.04    CUDA Version: 10.1     |
|-------------------------------+----------------------+----------------------+
| GPU  Name        Persistence-M| Bus-Id        Disp.A | Volatile Uncorr. ECC |
| Fan  Temp  Perf  Pwr:Usage/Cap|         Memory-Usage | GPU-Util  Compute M. |
|===============================+======================+======================|
|   1  Tesla P100-PCIE...  On   | 00000000:04:00.0 Off |                    0 |
| N/A   45C    P0    39W / 250W |  15775MiB / 16280MiB |      6%      Default |
+-------------------------------+----------------------+----------------------+
                                                                               
+-----------------------------------------------------------------------------+
| Processes:                                                       GPU Memory |
|  GPU       PID   Type   Process name                             Usage      |
|=============================================================================|
|    1     67040      C   python                                     15739MiB |
+-----------------------------------------------------------------------------+
************************
utilization.gpu [%]
98 %
Sun Apr 14 02:08:18 2019       
+-----------------------------------------------------------------------------+
| NVIDIA-SMI 418.40.04    Driver Version: 418.40.04    CUDA Version: 10.1     |
|-------------------------------+----------------------+----------------------+
| GPU  Name        Persistence-M| Bus-Id        Disp.A | Volatile Uncorr. ECC |
| Fan  Temp  Perf  Pwr:Usage/Cap|         Memory-Usage | GPU-Util  Compute M. |
|===============================+======================+======================|
|   1  Tesla P100-PCIE...  On   | 00000000:04:00.0 Off |                    0 |
| N/A   47C    P0    54W / 250W |  16030MiB / 16280MiB |     76%      Default |
+-------------------------------+----------------------+----------------------+
                                                                               
+-----------------------------------------------------------------------------+
| Processes:                                                       GPU Memory |
|  GPU       PID   Type   Process name                             Usage      |
|=============================================================================|
|    1      9622      C   ./bin/managed.out                            269MiB |
|    1     67040      C   python                                     15739MiB |
+-----------------------------------------------------------------------------+
************************
utilization.gpu [%]
86 %
Sun Apr 14 02:08:28 2019       
+-----------------------------------------------------------------------------+
| NVIDIA-SMI 418.40.04    Driver Version: 418.40.04    CUDA Version: 10.1     |
|-------------------------------+----------------------+----------------------+
| GPU  Name        Persistence-M| Bus-Id        Disp.A | Volatile Uncorr. ECC |
| Fan  Temp  Perf  Pwr:Usage/Cap|         Memory-Usage | GPU-Util  Compute M. |
|===============================+======================+======================|
|   1  Tesla P100-PCIE...  On   | 00000000:04:00.0 Off |                    0 |
| N/A   47C    P0   195W / 250W |  16024MiB / 16280MiB |     86%      Default |
+-------------------------------+----------------------+----------------------+
                                                                               
+-----------------------------------------------------------------------------+
| Processes:                                                       GPU Memory |
|  GPU       PID   Type   Process name                             Usage      |
|=============================================================================|
|    1      9833      C   ./bin/managed.out                            269MiB |
|    1     67040      C   python                                     15739MiB |
+-----------------------------------------------------------------------------+
************************
utilization.gpu [%]
0 %
Sun Apr 14 02:08:38 2019       
+-----------------------------------------------------------------------------+
| NVIDIA-SMI 418.40.04    Driver Version: 418.40.04    CUDA Version: 10.1     |
|-------------------------------+----------------------+----------------------+
| GPU  Name        Persistence-M| Bus-Id        Disp.A | Volatile Uncorr. ECC |
| Fan  Temp  Perf  Pwr:Usage/Cap|         Memory-Usage | GPU-Util  Compute M. |
|===============================+======================+======================|
|   1  Tesla P100-PCIE...  On   | 00000000:04:00.0 Off |                    0 |
| N/A   44C    P0    39W / 250W |  15753MiB / 16280MiB |      0%      Default |
+-------------------------------+----------------------+----------------------+
                                                                               
+-----------------------------------------------------------------------------+
| Processes:                                                       GPU Memory |
|  GPU       PID   Type   Process name                             Usage      |
|=============================================================================|
|    1     67040      C   python                                     15739MiB |
+-----------------------------------------------------------------------------+
************************
utilization.gpu [%]
98 %
Sun Apr 14 02:08:49 2019       
+-----------------------------------------------------------------------------+
| NVIDIA-SMI 418.40.04    Driver Version: 418.40.04    CUDA Version: 10.1     |
|-------------------------------+----------------------+----------------------+
| GPU  Name        Persistence-M| Bus-Id        Disp.A | Volatile Uncorr. ECC |
| Fan  Temp  Perf  Pwr:Usage/Cap|         Memory-Usage | GPU-Util  Compute M. |
|===============================+======================+======================|
|   1  Tesla P100-PCIE...  On   | 00000000:04:00.0 Off |                    0 |
| N/A   47C    P0   155W / 250W |  15753MiB / 16280MiB |     98%      Default |
+-------------------------------+----------------------+----------------------+
                                                                               
+-----------------------------------------------------------------------------+
| Processes:                                                       GPU Memory |
|  GPU       PID   Type   Process name                             Usage      |
|=============================================================================|
|    1     67040      C   python                                     15739MiB |
+-----------------------------------------------------------------------------+
************************
utilization.gpu [%]
99 %
Sun Apr 14 02:08:59 2019       
+-----------------------------------------------------------------------------+
| NVIDIA-SMI 418.40.04    Driver Version: 418.40.04    CUDA Version: 10.1     |
|-------------------------------+----------------------+----------------------+
| GPU  Name        Persistence-M| Bus-Id        Disp.A | Volatile Uncorr. ECC |
| Fan  Temp  Perf  Pwr:Usage/Cap|         Memory-Usage | GPU-Util  Compute M. |
|===============================+======================+======================|
|   1  Tesla P100-PCIE...  On   | 00000000:04:00.0 Off |                    0 |
| N/A   46C    P0    46W / 250W |  15753MiB / 16280MiB |     99%      Default |
+-------------------------------+----------------------+----------------------+
                                                                               
+-----------------------------------------------------------------------------+
| Processes:                                                       GPU Memory |
|  GPU       PID   Type   Process name                             Usage      |
|=============================================================================|
|    1     67040      C   python                                     15739MiB |
+-----------------------------------------------------------------------------+
************************
