Wed May 15 19:01:08 2019       
+-----------------------------------------------------------------------------+
| NVIDIA-SMI 418.40.04    Driver Version: 418.40.04    CUDA Version: 10.1     |
|-------------------------------+----------------------+----------------------+
| GPU  Name        Persistence-M| Bus-Id        Disp.A | Volatile Uncorr. ECC |
| Fan  Temp  Perf  Pwr:Usage/Cap|         Memory-Usage | GPU-Util  Compute M. |
|===============================+======================+======================|
|   1  Tesla P100-PCIE...  On   | 00000000:04:00.0 Off |                    0 |
| N/A   36C    P0    46W / 250W |  15976MiB / 16280MiB |    100%      Default |
+-------------------------------+----------------------+----------------------+
                                                                               
+-----------------------------------------------------------------------------+
| Processes:                                                       GPU Memory |
|  GPU       PID   Type   Process name                             Usage      |
|=============================================================================|
|    1     63012      C   .../anaconda3/envs/DeepLearning/bin/python 15651MiB |
|    1     69223      C   ./bin/managedlow.out                         269MiB |
+-----------------------------------------------------------------------------+
************************
Wed May 15 19:01:18 2019       
+-----------------------------------------------------------------------------+
| NVIDIA-SMI 418.40.04    Driver Version: 418.40.04    CUDA Version: 10.1     |
|-------------------------------+----------------------+----------------------+
| GPU  Name        Persistence-M| Bus-Id        Disp.A | Volatile Uncorr. ECC |
| Fan  Temp  Perf  Pwr:Usage/Cap|         Memory-Usage | GPU-Util  Compute M. |
|===============================+======================+======================|
|   1  Tesla P100-PCIE...  On   | 00000000:04:00.0 Off |                    0 |
| N/A   36C    P0    46W / 250W |  15976MiB / 16280MiB |    100%      Default |
+-------------------------------+----------------------+----------------------+
                                                                               
+-----------------------------------------------------------------------------+
| Processes:                                                       GPU Memory |
|  GPU       PID   Type   Process name                             Usage      |
|=============================================================================|
|    1     63012      C   .../anaconda3/envs/DeepLearning/bin/python 15651MiB |
|    1     69223      C   ./bin/managedlow.out                         269MiB |
+-----------------------------------------------------------------------------+
************************
Wed May 15 19:01:28 2019       
+-----------------------------------------------------------------------------+
| NVIDIA-SMI 418.40.04    Driver Version: 418.40.04    CUDA Version: 10.1     |
|-------------------------------+----------------------+----------------------+
| GPU  Name        Persistence-M| Bus-Id        Disp.A | Volatile Uncorr. ECC |
| Fan  Temp  Perf  Pwr:Usage/Cap|         Memory-Usage | GPU-Util  Compute M. |
|===============================+======================+======================|
|   1  Tesla P100-PCIE...  On   | 00000000:04:00.0 Off |                    0 |
| N/A   36C    P0    46W / 250W |  15976MiB / 16280MiB |    100%      Default |
+-------------------------------+----------------------+----------------------+
                                                                               
+-----------------------------------------------------------------------------+
| Processes:                                                       GPU Memory |
|  GPU       PID   Type   Process name                             Usage      |
|=============================================================================|
|    1     63012      C   .../anaconda3/envs/DeepLearning/bin/python 15651MiB |
|    1     69223      C   ./bin/managedlow.out                         269MiB |
+-----------------------------------------------------------------------------+
************************
Wed May 15 19:01:39 2019       
+-----------------------------------------------------------------------------+
| NVIDIA-SMI 418.40.04    Driver Version: 418.40.04    CUDA Version: 10.1     |
|-------------------------------+----------------------+----------------------+
| GPU  Name        Persistence-M| Bus-Id        Disp.A | Volatile Uncorr. ECC |
| Fan  Temp  Perf  Pwr:Usage/Cap|         Memory-Usage | GPU-Util  Compute M. |
|===============================+======================+======================|
|   1  Tesla P100-PCIE...  On   | 00000000:04:00.0 Off |                    0 |
| N/A   36C    P0    46W / 250W |  15976MiB / 16280MiB |    100%      Default |
+-------------------------------+----------------------+----------------------+
                                                                               
+-----------------------------------------------------------------------------+
| Processes:                                                       GPU Memory |
|  GPU       PID   Type   Process name                             Usage      |
|=============================================================================|
|    1     63012      C   .../anaconda3/envs/DeepLearning/bin/python 15651MiB |
|    1     69223      C   ./bin/managedlow.out                         269MiB |
+-----------------------------------------------------------------------------+
************************
Wed May 15 19:01:49 2019       
+-----------------------------------------------------------------------------+
| NVIDIA-SMI 418.40.04    Driver Version: 418.40.04    CUDA Version: 10.1     |
|-------------------------------+----------------------+----------------------+
| GPU  Name        Persistence-M| Bus-Id        Disp.A | Volatile Uncorr. ECC |
| Fan  Temp  Perf  Pwr:Usage/Cap|         Memory-Usage | GPU-Util  Compute M. |
|===============================+======================+======================|
|   1  Tesla P100-PCIE...  On   | 00000000:04:00.0 Off |                    0 |
| N/A   35C    P0    31W / 250W |  15705MiB / 16280MiB |      0%      Default |
+-------------------------------+----------------------+----------------------+
                                                                               
+-----------------------------------------------------------------------------+
| Processes:                                                       GPU Memory |
|  GPU       PID   Type   Process name                             Usage      |
|=============================================================================|
|    1     63012      C   .../anaconda3/envs/DeepLearning/bin/python 15651MiB |
+-----------------------------------------------------------------------------+
************************
Wed May 15 19:02:00 2019       
+-----------------------------------------------------------------------------+
| NVIDIA-SMI 418.40.04    Driver Version: 418.40.04    CUDA Version: 10.1     |
|-------------------------------+----------------------+----------------------+
| GPU  Name        Persistence-M| Bus-Id        Disp.A | Volatile Uncorr. ECC |
| Fan  Temp  Perf  Pwr:Usage/Cap|         Memory-Usage | GPU-Util  Compute M. |
|===============================+======================+======================|
|   1  Tesla P100-PCIE...  On   | 00000000:04:00.0 Off |                    0 |
| N/A   34C    P0    30W / 250W |  15705MiB / 16280MiB |      0%      Default |
+-------------------------------+----------------------+----------------------+
                                                                               
+-----------------------------------------------------------------------------+
| Processes:                                                       GPU Memory |
|  GPU       PID   Type   Process name                             Usage      |
|=============================================================================|
|    1     63012      C   .../anaconda3/envs/DeepLearning/bin/python 15651MiB |
+-----------------------------------------------------------------------------+
************************
Wed May 15 19:02:10 2019       
+-----------------------------------------------------------------------------+
| NVIDIA-SMI 418.40.04    Driver Version: 418.40.04    CUDA Version: 10.1     |
|-------------------------------+----------------------+----------------------+
| GPU  Name        Persistence-M| Bus-Id        Disp.A | Volatile Uncorr. ECC |
| Fan  Temp  Perf  Pwr:Usage/Cap|         Memory-Usage | GPU-Util  Compute M. |
|===============================+======================+======================|
|   1  Tesla P100-PCIE...  On   | 00000000:04:00.0 Off |                    0 |
| N/A   34C    P0    34W / 250W |  15681MiB / 16280MiB |     28%      Default |
+-------------------------------+----------------------+----------------------+
                                                                               
+-----------------------------------------------------------------------------+
| Processes:                                                       GPU Memory |
|  GPU       PID   Type   Process name                             Usage      |
|=============================================================================|
|    1     63012      C   .../anaconda3/envs/DeepLearning/bin/python 15651MiB |
+-----------------------------------------------------------------------------+
************************
Wed May 15 19:02:20 2019       
+-----------------------------------------------------------------------------+
| NVIDIA-SMI 418.40.04    Driver Version: 418.40.04    CUDA Version: 10.1     |
|-------------------------------+----------------------+----------------------+
| GPU  Name        Persistence-M| Bus-Id        Disp.A | Volatile Uncorr. ECC |
| Fan  Temp  Perf  Pwr:Usage/Cap|         Memory-Usage | GPU-Util  Compute M. |
|===============================+======================+======================|
|   1  Tesla P100-PCIE...  On   | 00000000:04:00.0 Off |                    0 |
| N/A   35C    P0    35W / 250W |  15771MiB / 16280MiB |      0%      Default |
+-------------------------------+----------------------+----------------------+
                                                                               
+-----------------------------------------------------------------------------+
| Processes:                                                       GPU Memory |
|  GPU       PID   Type   Process name                             Usage      |
|=============================================================================|
|    1      2484      C   ./bin/matmullow.out                            8MiB |
|    1     63012      C   .../anaconda3/envs/DeepLearning/bin/python 15651MiB |
+-----------------------------------------------------------------------------+
************************
Wed May 15 19:02:31 2019       
+-----------------------------------------------------------------------------+
| NVIDIA-SMI 418.40.04    Driver Version: 418.40.04    CUDA Version: 10.1     |
|-------------------------------+----------------------+----------------------+
| GPU  Name        Persistence-M| Bus-Id        Disp.A | Volatile Uncorr. ECC |
| Fan  Temp  Perf  Pwr:Usage/Cap|         Memory-Usage | GPU-Util  Compute M. |
|===============================+======================+======================|
|   1  Tesla P100-PCIE...  On   | 00000000:04:00.0 Off |                    0 |
| N/A   35C    P0    35W / 250W |  15731MiB / 16280MiB |     24%      Default |
+-------------------------------+----------------------+----------------------+
                                                                               
+-----------------------------------------------------------------------------+
| Processes:                                                       GPU Memory |
|  GPU       PID   Type   Process name                             Usage      |
|=============================================================================|
|    1     63012      C   .../anaconda3/envs/DeepLearning/bin/python 15651MiB |
+-----------------------------------------------------------------------------+
************************
Wed May 15 19:02:41 2019       
+-----------------------------------------------------------------------------+
| NVIDIA-SMI 418.40.04    Driver Version: 418.40.04    CUDA Version: 10.1     |
|-------------------------------+----------------------+----------------------+
| GPU  Name        Persistence-M| Bus-Id        Disp.A | Volatile Uncorr. ECC |
| Fan  Temp  Perf  Pwr:Usage/Cap|         Memory-Usage | GPU-Util  Compute M. |
|===============================+======================+======================|
|   1  Tesla P100-PCIE...  On   | 00000000:04:00.0 Off |                    0 |
| N/A   35C    P0    35W / 250W |  15703MiB / 16280MiB |     31%      Default |
+-------------------------------+----------------------+----------------------+
                                                                               
+-----------------------------------------------------------------------------+
| Processes:                                                       GPU Memory |
|  GPU       PID   Type   Process name                             Usage      |
|=============================================================================|
|    1     63012      C   .../anaconda3/envs/DeepLearning/bin/python 15651MiB |
+-----------------------------------------------------------------------------+
************************
Wed May 15 19:02:51 2019       
+-----------------------------------------------------------------------------+
| NVIDIA-SMI 418.40.04    Driver Version: 418.40.04    CUDA Version: 10.1     |
|-------------------------------+----------------------+----------------------+
| GPU  Name        Persistence-M| Bus-Id        Disp.A | Volatile Uncorr. ECC |
| Fan  Temp  Perf  Pwr:Usage/Cap|         Memory-Usage | GPU-Util  Compute M. |
|===============================+======================+======================|
|   1  Tesla P100-PCIE...  On   | 00000000:04:00.0 Off |                    0 |
| N/A   34C    P0    30W / 250W |  15703MiB / 16280MiB |      0%      Default |
+-------------------------------+----------------------+----------------------+
                                                                               
+-----------------------------------------------------------------------------+
| Processes:                                                       GPU Memory |
|  GPU       PID   Type   Process name                             Usage      |
|=============================================================================|
|    1     63012      C   .../anaconda3/envs/DeepLearning/bin/python 15651MiB |
+-----------------------------------------------------------------------------+
************************
Wed May 15 19:03:02 2019       
+-----------------------------------------------------------------------------+
| NVIDIA-SMI 418.40.04    Driver Version: 418.40.04    CUDA Version: 10.1     |
|-------------------------------+----------------------+----------------------+
| GPU  Name        Persistence-M| Bus-Id        Disp.A | Volatile Uncorr. ECC |
| Fan  Temp  Perf  Pwr:Usage/Cap|         Memory-Usage | GPU-Util  Compute M. |
|===============================+======================+======================|
|   1  Tesla P100-PCIE...  On   | 00000000:04:00.0 Off |                    0 |
| N/A   34C    P0    30W / 250W |  15703MiB / 16280MiB |      0%      Default |
+-------------------------------+----------------------+----------------------+
                                                                               
+-----------------------------------------------------------------------------+
| Processes:                                                       GPU Memory |
|  GPU       PID   Type   Process name                             Usage      |
|=============================================================================|
|    1     63012      C   .../anaconda3/envs/DeepLearning/bin/python 15651MiB |
+-----------------------------------------------------------------------------+
************************
Wed May 15 19:03:12 2019       
+-----------------------------------------------------------------------------+
| NVIDIA-SMI 418.40.04    Driver Version: 418.40.04    CUDA Version: 10.1     |
|-------------------------------+----------------------+----------------------+
| GPU  Name        Persistence-M| Bus-Id        Disp.A | Volatile Uncorr. ECC |
| Fan  Temp  Perf  Pwr:Usage/Cap|         Memory-Usage | GPU-Util  Compute M. |
|===============================+======================+======================|
|   1  Tesla P100-PCIE...  On   | 00000000:04:00.0 Off |                    0 |
| N/A   34C    P0    30W / 250W |  15703MiB / 16280MiB |      0%      Default |
+-------------------------------+----------------------+----------------------+
                                                                               
+-----------------------------------------------------------------------------+
| Processes:                                                       GPU Memory |
|  GPU       PID   Type   Process name                             Usage      |
|=============================================================================|
|    1     63012      C   .../anaconda3/envs/DeepLearning/bin/python 15651MiB |
+-----------------------------------------------------------------------------+
************************
Wed May 15 19:03:22 2019       
+-----------------------------------------------------------------------------+
| NVIDIA-SMI 418.40.04    Driver Version: 418.40.04    CUDA Version: 10.1     |
|-------------------------------+----------------------+----------------------+
| GPU  Name        Persistence-M| Bus-Id        Disp.A | Volatile Uncorr. ECC |
| Fan  Temp  Perf  Pwr:Usage/Cap|         Memory-Usage | GPU-Util  Compute M. |
|===============================+======================+======================|
|   1  Tesla P100-PCIE...  On   | 00000000:04:00.0 Off |                    0 |
| N/A   34C    P0    30W / 250W |  15703MiB / 16280MiB |      0%      Default |
+-------------------------------+----------------------+----------------------+
                                                                               
+-----------------------------------------------------------------------------+
| Processes:                                                       GPU Memory |
|  GPU       PID   Type   Process name                             Usage      |
|=============================================================================|
|    1     63012      C   .../anaconda3/envs/DeepLearning/bin/python 15651MiB |
+-----------------------------------------------------------------------------+
************************
Wed May 15 19:03:33 2019       
+-----------------------------------------------------------------------------+
| NVIDIA-SMI 418.40.04    Driver Version: 418.40.04    CUDA Version: 10.1     |
|-------------------------------+----------------------+----------------------+
| GPU  Name        Persistence-M| Bus-Id        Disp.A | Volatile Uncorr. ECC |
| Fan  Temp  Perf  Pwr:Usage/Cap|         Memory-Usage | GPU-Util  Compute M. |
|===============================+======================+======================|
|   1  Tesla P100-PCIE...  On   | 00000000:04:00.0 Off |                    0 |
| N/A   34C    P0    35W / 250W |  15703MiB / 16280MiB |      1%      Default |
+-------------------------------+----------------------+----------------------+
                                                                               
+-----------------------------------------------------------------------------+
| Processes:                                                       GPU Memory |
|  GPU       PID   Type   Process name                             Usage      |
|=============================================================================|
|    1     63012      C   .../anaconda3/envs/DeepLearning/bin/python 15651MiB |
+-----------------------------------------------------------------------------+
************************
Wed May 15 19:03:43 2019       
+-----------------------------------------------------------------------------+
| NVIDIA-SMI 418.40.04    Driver Version: 418.40.04    CUDA Version: 10.1     |
|-------------------------------+----------------------+----------------------+
| GPU  Name        Persistence-M| Bus-Id        Disp.A | Volatile Uncorr. ECC |
| Fan  Temp  Perf  Pwr:Usage/Cap|         Memory-Usage | GPU-Util  Compute M. |
|===============================+======================+======================|
|   1  Tesla P100-PCIE...  On   | 00000000:04:00.0 Off |                    0 |
| N/A   34C    P0    38W / 250W |  15964MiB / 16280MiB |      1%      Default |
+-------------------------------+----------------------+----------------------+
                                                                               
+-----------------------------------------------------------------------------+
| Processes:                                                       GPU Memory |
|  GPU       PID   Type   Process name                             Usage      |
|=============================================================================|
|    1     13023      C   ./bin/smallmatmullow.out                     261MiB |
|    1     63012      C   .../anaconda3/envs/DeepLearning/bin/python 15651MiB |
+-----------------------------------------------------------------------------+
************************
Wed May 15 19:03:53 2019       
+-----------------------------------------------------------------------------+
| NVIDIA-SMI 418.40.04    Driver Version: 418.40.04    CUDA Version: 10.1     |
|-------------------------------+----------------------+----------------------+
| GPU  Name        Persistence-M| Bus-Id        Disp.A | Volatile Uncorr. ECC |
| Fan  Temp  Perf  Pwr:Usage/Cap|         Memory-Usage | GPU-Util  Compute M. |
|===============================+======================+======================|
|   1  Tesla P100-PCIE...  On   | 00000000:04:00.0 Off |                    0 |
| N/A   34C    P0    44W / 250W |  15966MiB / 16280MiB |      3%      Default |
+-------------------------------+----------------------+----------------------+
                                                                               
+-----------------------------------------------------------------------------+
| Processes:                                                       GPU Memory |
|  GPU       PID   Type   Process name                             Usage      |
|=============================================================================|
|    1     13226      C   ./bin/smallmatmullow.out                     263MiB |
|    1     63012      C   .../anaconda3/envs/DeepLearning/bin/python 15651MiB |
+-----------------------------------------------------------------------------+
************************
Wed May 15 19:04:04 2019       
+-----------------------------------------------------------------------------+
| NVIDIA-SMI 418.40.04    Driver Version: 418.40.04    CUDA Version: 10.1     |
|-------------------------------+----------------------+----------------------+
| GPU  Name        Persistence-M| Bus-Id        Disp.A | Volatile Uncorr. ECC |
| Fan  Temp  Perf  Pwr:Usage/Cap|         Memory-Usage | GPU-Util  Compute M. |
|===============================+======================+======================|
|   1  Tesla P100-PCIE...  On   | 00000000:04:00.0 Off |                    0 |
| N/A   34C    P0    34W / 250W |  15703MiB / 16280MiB |      0%      Default |
+-------------------------------+----------------------+----------------------+
                                                                               
+-----------------------------------------------------------------------------+
| Processes:                                                       GPU Memory |
|  GPU       PID   Type   Process name                             Usage      |
|=============================================================================|
|    1     63012      C   .../anaconda3/envs/DeepLearning/bin/python 15651MiB |
+-----------------------------------------------------------------------------+
************************
Wed May 15 19:04:14 2019       
+-----------------------------------------------------------------------------+
| NVIDIA-SMI 418.40.04    Driver Version: 418.40.04    CUDA Version: 10.1     |
|-------------------------------+----------------------+----------------------+
| GPU  Name        Persistence-M| Bus-Id        Disp.A | Volatile Uncorr. ECC |
| Fan  Temp  Perf  Pwr:Usage/Cap|         Memory-Usage | GPU-Util  Compute M. |
|===============================+======================+======================|
|   1  Tesla P100-PCIE...  On   | 00000000:04:00.0 Off |                    0 |
| N/A   34C    P0    34W / 250W |  15703MiB / 16280MiB |      0%      Default |
+-------------------------------+----------------------+----------------------+
                                                                               
+-----------------------------------------------------------------------------+
| Processes:                                                       GPU Memory |
|  GPU       PID   Type   Process name                             Usage      |
|=============================================================================|
|    1     63012      C   .../anaconda3/envs/DeepLearning/bin/python 15651MiB |
+-----------------------------------------------------------------------------+
************************
Wed May 15 19:04:25 2019       
+-----------------------------------------------------------------------------+
| NVIDIA-SMI 418.40.04    Driver Version: 418.40.04    CUDA Version: 10.1     |
|-------------------------------+----------------------+----------------------+
| GPU  Name        Persistence-M| Bus-Id        Disp.A | Volatile Uncorr. ECC |
| Fan  Temp  Perf  Pwr:Usage/Cap|         Memory-Usage | GPU-Util  Compute M. |
|===============================+======================+======================|
|   1  Tesla P100-PCIE...  On   | 00000000:04:00.0 Off |                    0 |
| N/A   34C    P0    30W / 250W |  15703MiB / 16280MiB |      0%      Default |
+-------------------------------+----------------------+----------------------+
                                                                               
+-----------------------------------------------------------------------------+
| Processes:                                                       GPU Memory |
|  GPU       PID   Type   Process name                             Usage      |
|=============================================================================|
|    1     63012      C   .../anaconda3/envs/DeepLearning/bin/python 15651MiB |
+-----------------------------------------------------------------------------+
************************
Wed May 15 19:04:35 2019       
+-----------------------------------------------------------------------------+
| NVIDIA-SMI 418.40.04    Driver Version: 418.40.04    CUDA Version: 10.1     |
|-------------------------------+----------------------+----------------------+
| GPU  Name        Persistence-M| Bus-Id        Disp.A | Volatile Uncorr. ECC |
| Fan  Temp  Perf  Pwr:Usage/Cap|         Memory-Usage | GPU-Util  Compute M. |
|===============================+======================+======================|
|   1  Tesla P100-PCIE...  On   | 00000000:04:00.0 Off |                    0 |
| N/A   34C    P0    30W / 250W |  15703MiB / 16280MiB |      0%      Default |
+-------------------------------+----------------------+----------------------+
                                                                               
+-----------------------------------------------------------------------------+
| Processes:                                                       GPU Memory |
|  GPU       PID   Type   Process name                             Usage      |
|=============================================================================|
|    1     63012      C   .../anaconda3/envs/DeepLearning/bin/python 15651MiB |
+-----------------------------------------------------------------------------+
************************
Wed May 15 19:04:46 2019       
+-----------------------------------------------------------------------------+
| NVIDIA-SMI 418.40.04    Driver Version: 418.40.04    CUDA Version: 10.1     |
|-------------------------------+----------------------+----------------------+
| GPU  Name        Persistence-M| Bus-Id        Disp.A | Volatile Uncorr. ECC |
| Fan  Temp  Perf  Pwr:Usage/Cap|         Memory-Usage | GPU-Util  Compute M. |
|===============================+======================+======================|
|   1  Tesla P100-PCIE...  On   | 00000000:04:00.0 Off |                    0 |
| N/A   33C    P0    30W / 250W |  15703MiB / 16280MiB |      0%      Default |
+-------------------------------+----------------------+----------------------+
                                                                               
+-----------------------------------------------------------------------------+
| Processes:                                                       GPU Memory |
|  GPU       PID   Type   Process name                             Usage      |
|=============================================================================|
|    1     63012      C   .../anaconda3/envs/DeepLearning/bin/python 15651MiB |
+-----------------------------------------------------------------------------+
************************
Wed May 15 19:04:56 2019       
+-----------------------------------------------------------------------------+
| NVIDIA-SMI 418.40.04    Driver Version: 418.40.04    CUDA Version: 10.1     |
|-------------------------------+----------------------+----------------------+
| GPU  Name        Persistence-M| Bus-Id        Disp.A | Volatile Uncorr. ECC |
| Fan  Temp  Perf  Pwr:Usage/Cap|         Memory-Usage | GPU-Util  Compute M. |
|===============================+======================+======================|
|   1  Tesla P100-PCIE...  On   | 00000000:04:00.0 Off |                    0 |
| N/A   33C    P0    30W / 250W |  15703MiB / 16280MiB |      0%      Default |
+-------------------------------+----------------------+----------------------+
                                                                               
+-----------------------------------------------------------------------------+
| Processes:                                                       GPU Memory |
|  GPU       PID   Type   Process name                             Usage      |
|=============================================================================|
|    1     63012      C   .../anaconda3/envs/DeepLearning/bin/python 15651MiB |
+-----------------------------------------------------------------------------+
************************
Wed May 15 19:05:06 2019       
+-----------------------------------------------------------------------------+
| NVIDIA-SMI 418.40.04    Driver Version: 418.40.04    CUDA Version: 10.1     |
|-------------------------------+----------------------+----------------------+
| GPU  Name        Persistence-M| Bus-Id        Disp.A | Volatile Uncorr. ECC |
| Fan  Temp  Perf  Pwr:Usage/Cap|         Memory-Usage | GPU-Util  Compute M. |
|===============================+======================+======================|
|   1  Tesla P100-PCIE...  On   | 00000000:04:00.0 Off |                    0 |
| N/A   33C    P0    30W / 250W |  15703MiB / 16280MiB |      0%      Default |
+-------------------------------+----------------------+----------------------+
                                                                               
+-----------------------------------------------------------------------------+
| Processes:                                                       GPU Memory |
|  GPU       PID   Type   Process name                             Usage      |
|=============================================================================|
|    1     63012      C   .../anaconda3/envs/DeepLearning/bin/python 15651MiB |
+-----------------------------------------------------------------------------+
************************
Wed May 15 19:05:17 2019       
+-----------------------------------------------------------------------------+
| NVIDIA-SMI 418.40.04    Driver Version: 418.40.04    CUDA Version: 10.1     |
|-------------------------------+----------------------+----------------------+
| GPU  Name        Persistence-M| Bus-Id        Disp.A | Volatile Uncorr. ECC |
| Fan  Temp  Perf  Pwr:Usage/Cap|         Memory-Usage | GPU-Util  Compute M. |
|===============================+======================+======================|
|   1  Tesla P100-PCIE...  On   | 00000000:04:00.0 Off |                    0 |
| N/A   33C    P0    30W / 250W |  15703MiB / 16280MiB |      0%      Default |
+-------------------------------+----------------------+----------------------+
                                                                               
+-----------------------------------------------------------------------------+
| Processes:                                                       GPU Memory |
|  GPU       PID   Type   Process name                             Usage      |
|=============================================================================|
|    1     63012      C   .../anaconda3/envs/DeepLearning/bin/python 15651MiB |
+-----------------------------------------------------------------------------+
************************
Wed May 15 19:05:27 2019       
+-----------------------------------------------------------------------------+
| NVIDIA-SMI 418.40.04    Driver Version: 418.40.04    CUDA Version: 10.1     |
|-------------------------------+----------------------+----------------------+
| GPU  Name        Persistence-M| Bus-Id        Disp.A | Volatile Uncorr. ECC |
| Fan  Temp  Perf  Pwr:Usage/Cap|         Memory-Usage | GPU-Util  Compute M. |
|===============================+======================+======================|
|   1  Tesla P100-PCIE...  On   | 00000000:04:00.0 Off |                    0 |
| N/A   33C    P0    30W / 250W |  15703MiB / 16280MiB |      0%      Default |
+-------------------------------+----------------------+----------------------+
                                                                               
+-----------------------------------------------------------------------------+
| Processes:                                                       GPU Memory |
|  GPU       PID   Type   Process name                             Usage      |
|=============================================================================|
|    1     63012      C   .../anaconda3/envs/DeepLearning/bin/python 15651MiB |
+-----------------------------------------------------------------------------+
************************
Wed May 15 19:05:37 2019       
+-----------------------------------------------------------------------------+
| NVIDIA-SMI 418.40.04    Driver Version: 418.40.04    CUDA Version: 10.1     |
|-------------------------------+----------------------+----------------------+
| GPU  Name        Persistence-M| Bus-Id        Disp.A | Volatile Uncorr. ECC |
| Fan  Temp  Perf  Pwr:Usage/Cap|         Memory-Usage | GPU-Util  Compute M. |
|===============================+======================+======================|
|   1  Tesla P100-PCIE...  On   | 00000000:04:00.0 Off |                    0 |
| N/A   33C    P0    30W / 250W |  15703MiB / 16280MiB |      0%      Default |
+-------------------------------+----------------------+----------------------+
                                                                               
+-----------------------------------------------------------------------------+
| Processes:                                                       GPU Memory |
|  GPU       PID   Type   Process name                             Usage      |
|=============================================================================|
|    1     63012      C   .../anaconda3/envs/DeepLearning/bin/python 15651MiB |
+-----------------------------------------------------------------------------+
************************
