==23159== NVPROF is profiling process 23159, command: ./a.out 2 8 500 7168
==23159== Profiling application: ./a.out 2 8 500 7168
==23159== Profiling result:
            Type  Time(%)      Time     Calls       Avg       Min       Max  Name
 GPU activities:   99.75%  70.705ms        64  1.1048ms  1.1028ms  1.1065ms  cosKernel(int, int, float*, int, int*)
                    0.13%  92.256us        72  1.2810us     640ns  6.6880us  [CUDA memcpy DtoH]
                    0.12%  84.416us        64  1.3190us  1.2800us  2.4000us  [CUDA memcpy HtoD]
      API calls:   77.73%  367.53ms         2  183.76ms     993ns  367.53ms  cudaEventCreate
                   20.37%  96.336ms       192  501.75us  1.1430us  3.3027ms  cudaMemcpyAsync
                    0.60%  2.8186ms         8  352.32us  94.238us  1.2844ms  cudaEventSynchronize
                    0.49%  2.2979ms       384  5.9840us     159ns  244.28us  cuDeviceGetAttribute
                    0.22%  1.0336ms         4  258.40us  247.35us  270.12us  cuDeviceTotalMem
                    0.15%  730.71us        64  11.417us  8.1210us  28.757us  cudaLaunchKernel
                    0.12%  553.83us         1  553.83us  553.83us  553.83us  cudaGetDeviceProperties
                    0.10%  495.88us         2  247.94us  228.24us  267.64us  cudaMalloc
                    0.08%  394.66us         2  197.33us  171.90us  222.76us  cudaFree
                    0.05%  238.11us         1  238.11us  238.11us  238.11us  cudaDeviceGetAttribute
                    0.04%  193.45us         4  48.362us  45.956us  51.104us  cuDeviceGetName
                    0.02%  84.031us         8  10.503us  7.2970us  21.576us  cudaStreamCreate
                    0.01%  58.023us        16  3.6260us  2.8220us  6.2740us  cudaEventRecord
                    0.01%  26.212us         8  3.2760us  2.5630us  7.7850us  cudaStreamDestroy
                    0.00%  18.735us         8  2.3410us  2.1220us  2.9500us  cudaEventElapsedTime
                    0.00%  16.602us         4  4.1500us  1.5290us  11.286us  cuDeviceGetPCIBusId
                    0.00%  3.1630us         1  3.1630us  3.1630us  3.1630us  cudaSetDevice
                    0.00%  2.5340us         8     316ns     167ns     877ns  cuDeviceGet
                    0.00%  1.4910us         3     497ns     205ns     873ns  cuDeviceGetCount
                    0.00%     949ns         4     237ns     173ns     322ns  cuDeviceGetUuid
