utilization.gpu [%]
78 %
Thu Mar 28 16:22:13 2019       
+-----------------------------------------------------------------------------+
| NVIDIA-SMI 410.79       Driver Version: 410.79       CUDA Version: 10.0     |
|-------------------------------+----------------------+----------------------+
| GPU  Name        Persistence-M| Bus-Id        Disp.A | Volatile Uncorr. ECC |
| Fan  Temp  Perf  Pwr:Usage/Cap|         Memory-Usage | GPU-Util  Compute M. |
|===============================+======================+======================|
|   1  Tesla P100-PCIE...  Off  | 00000000:04:00.0 Off |                    0 |
| N/A   48C    P0   121W / 250W |   5982MiB / 16280MiB |     78%      Default |
+-------------------------------+----------------------+----------------------+
                                                                               
+-----------------------------------------------------------------------------+
| Processes:                                                       GPU Memory |
|  GPU       PID   Type   Process name                             Usage      |
|=============================================================================|
|    1     52583      C   python                                       721MiB |
|    1     71589      C   python                                      1625MiB |
|    1     71606      C   python                                      1839MiB |
|    1     71613      C   python                                      1783MiB |
+-----------------------------------------------------------------------------+
************************
