\BOOKMARK [0][-]{chapter.1}{Introduction}{}% 1
\BOOKMARK [1][-]{section.1.1}{Goals}{chapter.1}% 2
\BOOKMARK [2][-]{subsection.1.1.1}{GPU Architecture and Data Parallel}{section.1.1}% 3
\BOOKMARK [2][-]{subsection.1.1.2}{Other Applications: Stream Parallel}{section.1.1}% 4
\BOOKMARK [2][-]{subsection.1.1.3}{GP-GPUs and Stream Parallel}{section.1.1}% 5
\BOOKMARK [1][-]{section.1.2}{Expectations}{chapter.1}% 6
\BOOKMARK [1][-]{section.1.3}{Results}{chapter.1}% 7
\BOOKMARK [1][-]{section.1.4}{Tools}{chapter.1}% 8
\BOOKMARK [0][-]{chapter.2}{Tools}{}% 9
\BOOKMARK [1][-]{section.2.1}{CUDA}{chapter.2}% 10
\BOOKMARK [1][-]{section.2.2}{Profilers}{chapter.2}% 11
\BOOKMARK [2][-]{subsection.2.2.1}{nvprof}{section.2.2}% 12
\BOOKMARK [2][-]{subsection.2.2.2}{nSight}{section.2.2}% 13
\BOOKMARK [1][-]{section.2.3}{C++}{chapter.2}% 14
\BOOKMARK [2][-]{subsection.2.3.1}{Visual Studio}{section.2.3}% 15
\BOOKMARK [1][-]{section.2.4}{Python}{chapter.2}% 16
\BOOKMARK [0][-]{chapter.3}{Project Logic}{}% 17
\BOOKMARK [1][-]{section.3.1}{Graph on Logic}{chapter.3}% 18
\BOOKMARK [0][-]{chapter.4}{Implementation}{}% 19
\BOOKMARK [1][-]{section.4.1}{High Parallel on GPU}{chapter.4}% 20
\BOOKMARK [1][-]{section.4.2}{Low Parallel un GPU}{chapter.4}% 21
\BOOKMARK [1][-]{section.4.3}{Data Parallel un GPU}{chapter.4}% 22
\BOOKMARK [1][-]{section.4.4}{CPU and GPU Mix}{chapter.4}% 23
\BOOKMARK [0][-]{chapter.5}{Experiments}{}% 24
\BOOKMARK [1][-]{section.5.1}{What and How}{chapter.5}% 25
\BOOKMARK [1][-]{section.5.2}{Results}{chapter.5}% 26
\BOOKMARK [1][-]{section.5.3}{Some Plots}{chapter.5}% 27
\BOOKMARK [0][-]{chapter.6}{Conclusions}{}% 28
