==8823== NVPROF is profiling process 8823, command: ./a.out 3 4 5 3584
==8823== Profiling application: ./a.out 3 4 5 3584
==8823== Profiling result:
   Start  Duration            Grid Size      Block Size     Regs*    SSMem*    DSMem*      Size  Throughput  SrcMemType  DstMemType           Device   Context    Stream  Name
902.17ms  2.6560us                    -               -         -         -         -  14.000KB  5.0269GB/s    Pageable      Device  Tesla P100-PCIE         1         7  [CUDA memcpy HtoD]
902.17ms  19.136us             (64 1 1)        (56 1 1)        27        0B        0B         -           -           -           -  Tesla P100-PCIE         1         7  cosKernel(int, int, float*, int, int*) [417]
902.20ms  2.0160us                    -               -         -         -         -  14.000KB  6.6227GB/s      Device    Pageable  Tesla P100-PCIE         1         7  [CUDA memcpy DtoH]
902.25ms  2.1440us                    -               -         -         -         -  14.000KB  6.2274GB/s      Device    Pageable  Tesla P100-PCIE         1         7  [CUDA memcpy DtoH]
902.42ms  2.6240us                    -               -         -         -         -  14.000KB  5.0882GB/s    Pageable      Device  Tesla P100-PCIE         1         7  [CUDA memcpy HtoD]
902.42ms  18.464us             (64 1 1)        (56 1 1)        27        0B        0B         -           -           -           -  Tesla P100-PCIE         1         7  cosKernel(int, int, float*, int, int*) [425]
902.45ms  1.6960us                    -               -         -         -         -  14.000KB  7.8723GB/s      Device    Pageable  Tesla P100-PCIE         1         7  [CUDA memcpy DtoH]
902.47ms  2.0800us                    -               -         -         -         -  14.000KB  6.4190GB/s      Device    Pageable  Tesla P100-PCIE         1         7  [CUDA memcpy DtoH]
902.63ms  2.4000us                    -               -         -         -         -  14.000KB  5.5631GB/s    Pageable      Device  Tesla P100-PCIE         1         7  [CUDA memcpy HtoD]
902.63ms  16.512us             (64 1 1)        (56 1 1)        27        0B        0B         -           -           -           -  Tesla P100-PCIE         1         7  cosKernel(int, int, float*, int, int*) [433]
902.65ms  1.6320us                    -               -         -         -         -  14.000KB  8.1810GB/s      Device    Pageable  Tesla P100-PCIE         1         7  [CUDA memcpy DtoH]
902.67ms  1.6640us                    -               -         -         -         -  14.000KB  8.0237GB/s      Device    Pageable  Tesla P100-PCIE         1         7  [CUDA memcpy DtoH]
902.83ms  2.4320us                    -               -         -         -         -  14.000KB  5.4899GB/s    Pageable      Device  Tesla P100-PCIE         1         7  [CUDA memcpy HtoD]
902.83ms  16.416us             (64 1 1)        (56 1 1)        27        0B        0B         -           -           -           -  Tesla P100-PCIE         1         7  cosKernel(int, int, float*, int, int*) [441]
902.85ms  1.6640us                    -               -         -         -         -  14.000KB  8.0237GB/s      Device    Pageable  Tesla P100-PCIE         1         7  [CUDA memcpy DtoH]
902.88ms  1.6640us                    -               -         -         -         -  14.000KB  8.0237GB/s      Device    Pageable  Tesla P100-PCIE         1         7  [CUDA memcpy DtoH]

Regs: Number of registers used per CUDA thread. This number includes registers used internally by the CUDA driver and/or tools and can be more than what the compiler shows.
SSMem: Static shared memory allocated per CUDA block.
DSMem: Dynamic shared memory allocated per CUDA block.
SrcMemType: The type of source memory accessed by memory operation/copy
DstMemType: The type of destination memory accessed by memory operation/copy
