==6611== NVPROF is profiling process 6611, command: ./a.out 3 4 5 3584
==6611== Profiling application: ./a.out 3 4 5 3584
==6611== Profiling result:
            Type  Time(%)      Time     Calls       Avg       Min       Max  Name
 GPU activities:   75.20%  74.144us         4  18.536us  18.464us  18.624us  cosKernel(int, int, float*, int, int*)
                   15.00%  14.784us         8  1.8480us  1.6320us  2.1760us  [CUDA memcpy DtoH]
                    9.80%  9.6630us         4  2.4150us  2.3990us  2.4320us  [CUDA memcpy HtoD]
      API calls:   99.26%  1.07681s         2  538.40ms  2.1920us  1.07681s  cudaEventCreate
                    0.30%  3.2591ms       384  8.4870us     262ns  356.69us  cuDeviceGetAttribute
                    0.11%  1.2269ms        12  102.24us  14.960us  270.96us  cudaMemcpy
                    0.10%  1.0913ms         4  272.83us  152.80us  338.72us  cuDeviceTotalMem
                    0.07%  791.33us         1  791.33us  791.33us  791.33us  cudaGetDeviceProperties
                    0.04%  443.31us         2  221.66us  10.080us  433.23us  cudaMalloc
                    0.03%  357.30us         2  178.65us  30.316us  326.98us  cudaFree
                    0.03%  354.22us         1  354.22us  354.22us  354.22us  cudaDeviceGetAttribute
                    0.03%  274.53us         4  68.631us  62.841us  83.728us  cuDeviceGetName
                    0.01%  111.37us         4  27.842us  23.079us  41.269us  cudaLaunchKernel
                    0.00%  47.627us         8  5.9530us  3.9190us  9.2360us  cudaEventRecord
                    0.00%  26.723us         4  6.6800us  6.0950us  7.3530us  cudaEventSynchronize
                    0.00%  18.339us         4  4.5840us  4.2020us  5.3600us  cudaEventElapsedTime
                    0.00%  5.7880us         8     723ns     368ns  1.6650us  cuDeviceGet
                    0.00%  5.6950us         1  5.6950us  5.6950us  5.6950us  cudaSetDevice
                    0.00%  4.0280us         3  1.3420us     356ns  2.8960us  cuDeviceGetCount
                    0.00%  1.8100us         4     452ns     386ns     525ns  cuDeviceGetUuid
