==66493== NVPROF is profiling process 66493, command: ./a.out 3 4 5 3584
==66493== Profiling application: ./a.out 3 4 5 3584
==66493== Profiling result:
   Start  Duration            Grid Size      Block Size     Regs*    SSMem*    DSMem*      Size  Throughput  SrcMemType  DstMemType           Device   Context    Stream  Name
894.51ms  1.4400us                    -               -         -         -         -  3.5000KB  2.3180GB/s    Pageable      Device  Tesla P100-PCIE         1        17  [CUDA memcpy HtoD]
894.51ms  17.504us             (16 1 1)        (56 1 1)        27        0B        0B         -           -           -           -  Tesla P100-PCIE         1        17  cosKernel(int, int, float*, int, int*) [421]
894.53ms  1.4720us                    -               -         -         -         -  3.5000KB  2.2676GB/s      Device    Pageable  Tesla P100-PCIE         1        17  [CUDA memcpy DtoH]
894.55ms  1.6320us                    -               -         -         -         -  3.5000KB  2.0453GB/s      Device    Pageable  Tesla P100-PCIE         1        17  [CUDA memcpy DtoH]
894.98ms  1.2800us                    -               -         -         -         -  3.5000KB  2.6077GB/s    Pageable      Device  Tesla P100-PCIE         1        18  [CUDA memcpy HtoD]
894.98ms  17.344us             (16 1 1)        (56 1 1)        27        0B        0B         -           -           -           -  Tesla P100-PCIE         1        18  cosKernel(int, int, float*, int, int*) [425]
895.01ms  1.2160us                    -               -         -         -         -  3.5000KB  2.7450GB/s      Device    Pageable  Tesla P100-PCIE         1        18  [CUDA memcpy DtoH]
895.02ms  1.3440us                    -               -         -         -         -  3.5000KB  2.4835GB/s      Device    Pageable  Tesla P100-PCIE         1        18  [CUDA memcpy DtoH]
895.42ms  1.2800us                    -               -         -         -         -  3.5000KB  2.6077GB/s    Pageable      Device  Tesla P100-PCIE         1        19  [CUDA memcpy HtoD]
895.43ms  17.216us             (16 1 1)        (56 1 1)        27        0B        0B         -           -           -           -  Tesla P100-PCIE         1        19  cosKernel(int, int, float*, int, int*) [429]
896.32ms  3.0080us                    -               -         -         -         -  3.5000KB  1.1097GB/s      Device    Pageable  Tesla P100-PCIE         1        19  [CUDA memcpy DtoH]
896.35ms  1.7920us                    -               -         -         -         -  3.5000KB  1.8626GB/s      Device    Pageable  Tesla P100-PCIE         1        19  [CUDA memcpy DtoH]
896.56ms  1.3120us                    -               -         -         -         -  3.5000KB  2.5441GB/s    Pageable      Device  Tesla P100-PCIE         1        20  [CUDA memcpy HtoD]
896.56ms  16.832us             (16 1 1)        (56 1 1)        27        0B        0B         -           -           -           -  Tesla P100-PCIE         1        20  cosKernel(int, int, float*, int, int*) [433]
896.59ms  1.2480us                    -               -         -         -         -  3.5000KB  2.6746GB/s      Device    Pageable  Tesla P100-PCIE         1        20  [CUDA memcpy DtoH]
896.61ms  1.3760us                    -               -         -         -         -  3.5000KB  2.4258GB/s      Device    Pageable  Tesla P100-PCIE         1        20  [CUDA memcpy DtoH]

Regs: Number of registers used per CUDA thread. This number includes registers used internally by the CUDA driver and/or tools and can be more than what the compiler shows.
SSMem: Static shared memory allocated per CUDA block.
DSMem: Dynamic shared memory allocated per CUDA block.
SrcMemType: The type of source memory accessed by memory operation/copy
DstMemType: The type of destination memory accessed by memory operation/copy
